<?xml version="1.0" encoding="UTF-8"?>
<!-- Generated by org.testng.reporters.JUnitReportReporter -->
<testsuite name="guru2.Sr01" tests="4" time="45.410" ignored="0" failures="0" timestamp="24 Feb 2017 19:49:40 GMT" skipped="0" hostname="ramadugus-MacBook-Pro.local" errors="0">
  <testcase name="testSr01" time="1.116" classname="guru2.Sr01"/>
  <testcase name="testSr04" time="39.797" classname="guru2.Sr01"/>
  <testcase name="testSr03" time="3.591" classname="guru2.Sr01"/>
  <testcase name="testSr02" time="0.906" classname="guru2.Sr01"/>
</testsuite> <!-- guru2.Sr01 -->
