<?xml version="1.0" encoding="UTF-8"?>
<!-- Generated by org.testng.reporters.JUnitReportReporter -->
<testsuite name="guru2.day1" tests="1" time="5.010" ignored="0" failures="0" timestamp="22 Feb 2017 23:11:26 GMT" skipped="0" hostname="ramadugus-MacBook-Pro.local" errors="0">
  <testcase name="test" time="5.010" classname="guru2.day1"/>
</testsuite> <!-- guru2.day1 -->
